This is pdfTeX, Version 3.1415926-2.5-1.40.14 (TeX Live 2013/Debian) (format=pdflatex 2016.8.6)  15 NOV 2016 07:14
entering extended mode
 restricted \write18 enabled.
 %&-line parsing enabled.
**Assign3.tex
(./Assign3.tex
LaTeX2e <2011/06/27>
Babel <3.9h> and hyphenation patterns for 2 languages loaded.
(/usr/share/texlive/texmf-dist/tex/latex/base/article.cls
Document Class: article 2007/10/19 v1.4h Standard LaTeX document class
(/usr/share/texlive/texmf-dist/tex/latex/base/size11.clo
File: size11.clo 2007/10/19 v1.4h Standard LaTeX file (size option)
)
\c@part=\count79
\c@section=\count80
\c@subsection=\count81
\c@subsubsection=\count82
\c@paragraph=\count83
\c@subparagraph=\count84
\c@figure=\count85
\c@table=\count86
\abovecaptionskip=\skip41
\belowcaptionskip=\skip42
\bibindent=\dimen102
)
(/usr/share/texlive/texmf-dist/tex/latex/preprint/authblk.sty
Package: authblk 2001/02/27 1.3 (PWD)
\affilsep=\skip43
\@affilsep=\skip44
\c@Maxaffil=\count87
\c@authors=\count88
\c@affil=\count89
)
(/usr/share/texlive/texmf-dist/tex/latex/etoolbox/etoolbox.sty
Package: etoolbox 2011/01/03 v2.1 e-TeX tools for LaTeX

(/usr/share/texlive/texmf-dist/tex/latex/etex-pkg/etex.sty
Package: etex 1998/03/26 v2.0 eTeX basic definition package (PEB)
\et@xins=\count90
)
\etb@tempcnta=\count91
)
(/usr/share/texmf/tex/latex/lm/lmodern.sty
Package: lmodern 2009/10/30 v1.6 Latin Modern Fonts
LaTeX Font Info:    Overwriting symbol font `operators' in version `normal'
(Font)                  OT1/cmr/m/n --> OT1/lmr/m/n on input line 22.
LaTeX Font Info:    Overwriting symbol font `letters' in version `normal'
(Font)                  OML/cmm/m/it --> OML/lmm/m/it on input line 23.
LaTeX Font Info:    Overwriting symbol font `symbols' in version `normal'
(Font)                  OMS/cmsy/m/n --> OMS/lmsy/m/n on input line 24.
LaTeX Font Info:    Overwriting symbol font `largesymbols' in version `normal'
(Font)                  OMX/cmex/m/n --> OMX/lmex/m/n on input line 25.
LaTeX Font Info:    Overwriting symbol font `operators' in version `bold'
(Font)                  OT1/cmr/bx/n --> OT1/lmr/bx/n on input line 26.
LaTeX Font Info:    Overwriting symbol font `letters' in version `bold'
(Font)                  OML/cmm/b/it --> OML/lmm/b/it on input line 27.
LaTeX Font Info:    Overwriting symbol font `symbols' in version `bold'
(Font)                  OMS/cmsy/b/n --> OMS/lmsy/b/n on input line 28.
LaTeX Font Info:    Overwriting symbol font `largesymbols' in version `bold'
(Font)                  OMX/cmex/m/n --> OMX/lmex/m/n on input line 29.
LaTeX Font Info:    Overwriting math alphabet `\mathbf' in version `normal'
(Font)                  OT1/cmr/bx/n --> OT1/lmr/bx/n on input line 31.
LaTeX Font Info:    Overwriting math alphabet `\mathsf' in version `normal'
(Font)                  OT1/cmss/m/n --> OT1/lmss/m/n on input line 32.
LaTeX Font Info:    Overwriting math alphabet `\mathit' in version `normal'
(Font)                  OT1/cmr/m/it --> OT1/lmr/m/it on input line 33.
LaTeX Font Info:    Overwriting math alphabet `\mathtt' in version `normal'
(Font)                  OT1/cmtt/m/n --> OT1/lmtt/m/n on input line 34.
LaTeX Font Info:    Overwriting math alphabet `\mathbf' in version `bold'
(Font)                  OT1/cmr/bx/n --> OT1/lmr/bx/n on input line 35.
LaTeX Font Info:    Overwriting math alphabet `\mathsf' in version `bold'
(Font)                  OT1/cmss/bx/n --> OT1/lmss/bx/n on input line 36.
LaTeX Font Info:    Overwriting math alphabet `\mathit' in version `bold'
(Font)                  OT1/cmr/bx/it --> OT1/lmr/bx/it on input line 37.
LaTeX Font Info:    Overwriting math alphabet `\mathtt' in version `bold'
(Font)                  OT1/cmtt/m/n --> OT1/lmtt/m/n on input line 38.
)
(/usr/share/texlive/texmf-dist/tex/latex/titlesec/titlesec.sty
Package: titlesec 2011/12/15 v2.10.0 Sectioning titles
\ttl@box=\box26
\beforetitleunit=\skip45
\aftertitleunit=\skip46
\ttl@plus=\dimen103
\ttl@minus=\dimen104
\ttl@toksa=\toks14
\titlewidth=\dimen105
\titlewidthlast=\dimen106
\titlewidthfirst=\dimen107
)
(/usr/share/texlive/texmf-dist/tex/latex/float/float.sty
Package: float 2001/11/08 v1.3d Float enhancements (AL)
\c@float@type=\count92
\float@exts=\toks15
\float@box=\box27
\@float@everytoks=\toks16
\@floatcapt=\box28
)
(/usr/share/texlive/texmf-dist/tex/latex/graphics/graphicx.sty
Package: graphicx 1999/02/16 v1.0f Enhanced LaTeX Graphics (DPC,SPQR)

(/usr/share/texlive/texmf-dist/tex/latex/graphics/keyval.sty
Package: keyval 1999/03/16 v1.13 key=value parser (DPC)
\KV@toks@=\toks17
)
(/usr/share/texlive/texmf-dist/tex/latex/graphics/graphics.sty
Package: graphics 2009/02/05 v1.0o Standard LaTeX Graphics (DPC,SPQR)

(/usr/share/texlive/texmf-dist/tex/latex/graphics/trig.sty
Package: trig 1999/03/16 v1.09 sin cos tan (DPC)
)
(/usr/share/texlive/texmf-dist/tex/latex/latexconfig/graphics.cfg
File: graphics.cfg 2010/04/23 v1.9 graphics configuration of TeX Live
)
Package graphics Info: Driver file: pdftex.def on input line 91.

(/usr/share/texlive/texmf-dist/tex/latex/pdftex-def/pdftex.def
File: pdftex.def 2011/05/27 v0.06d Graphics/color for pdfTeX

(/usr/share/texlive/texmf-dist/tex/generic/oberdiek/infwarerr.sty
Package: infwarerr 2010/04/08 v1.3 Providing info/warning/error messages (HO)
)
(/usr/share/texlive/texmf-dist/tex/generic/oberdiek/ltxcmds.sty
Package: ltxcmds 2011/11/09 v1.22 LaTeX kernel commands for general use (HO)
)
\Gread@gobject=\count93
))
\Gin@req@height=\dimen108
\Gin@req@width=\dimen109
)
(./Assign3.aux)
\openout1 = `Assign3.aux'.

LaTeX Font Info:    Checking defaults for OML/cmm/m/it on input line 18.
LaTeX Font Info:    ... okay on input line 18.
LaTeX Font Info:    Checking defaults for T1/cmr/m/n on input line 18.
LaTeX Font Info:    ... okay on input line 18.
LaTeX Font Info:    Checking defaults for OT1/cmr/m/n on input line 18.
LaTeX Font Info:    ... okay on input line 18.
LaTeX Font Info:    Checking defaults for OMS/cmsy/m/n on input line 18.
LaTeX Font Info:    ... okay on input line 18.
LaTeX Font Info:    Checking defaults for OMX/cmex/m/n on input line 18.
LaTeX Font Info:    ... okay on input line 18.
LaTeX Font Info:    Checking defaults for U/cmr/m/n on input line 18.
LaTeX Font Info:    ... okay on input line 18.
LaTeX Font Info:    Try loading font information for OT1+lmr on input line 18.
 (/usr/share/texmf/tex/latex/lm/ot1lmr.fd
File: ot1lmr.fd 2009/10/30 v1.6 Font defs for Latin Modern
)
(/usr/share/texlive/texmf-dist/tex/context/base/supp-pdf.mkii
[Loading MPS to PDF converter (version 2006.09.02).]
\scratchcounter=\count94
\scratchdimen=\dimen110
\scratchbox=\box29
\nofMPsegments=\count95
\nofMParguments=\count96
\everyMPshowfont=\toks18
\MPscratchCnt=\count97
\MPscratchDim=\dimen111
\MPnumerator=\count98
\makeMPintoPDFobject=\count99
\everyMPtoPDFconversion=\toks19
) (/usr/share/texlive/texmf-dist/tex/generic/oberdiek/pdftexcmds.sty
Package: pdftexcmds 2011/11/29 v0.20 Utility functions of pdfTeX for LuaTeX (HO
)

(/usr/share/texlive/texmf-dist/tex/generic/oberdiek/ifluatex.sty
Package: ifluatex 2010/03/01 v1.3 Provides the ifluatex switch (HO)
Package ifluatex Info: LuaTeX not detected.
)
(/usr/share/texlive/texmf-dist/tex/generic/oberdiek/ifpdf.sty
Package: ifpdf 2011/01/30 v2.3 Provides the ifpdf switch (HO)
Package ifpdf Info: pdfTeX in PDF mode is detected.
)
Package pdftexcmds Info: LuaTeX not detected.
Package pdftexcmds Info: \pdf@primitive is available.
Package pdftexcmds Info: \pdf@ifprimitive is available.
Package pdftexcmds Info: \pdfdraftmode found.
)
(/usr/share/texlive/texmf-dist/tex/latex/oberdiek/epstopdf-base.sty
Package: epstopdf-base 2010/02/09 v2.5 Base part for package epstopdf

(/usr/share/texlive/texmf-dist/tex/latex/oberdiek/grfext.sty
Package: grfext 2010/08/19 v1.1 Manage graphics extensions (HO)

(/usr/share/texlive/texmf-dist/tex/generic/oberdiek/kvdefinekeys.sty
Package: kvdefinekeys 2011/04/07 v1.3 Define keys (HO)
))
(/usr/share/texlive/texmf-dist/tex/latex/oberdiek/kvoptions.sty
Package: kvoptions 2011/06/30 v3.11 Key value format for package options (HO)

(/usr/share/texlive/texmf-dist/tex/generic/oberdiek/kvsetkeys.sty
Package: kvsetkeys 2012/04/25 v1.16 Key value parser (HO)

(/usr/share/texlive/texmf-dist/tex/generic/oberdiek/etexcmds.sty
Package: etexcmds 2011/02/16 v1.5 Avoid name clashes with e-TeX commands (HO)
Package etexcmds Info: Could not find \expanded.
(etexcmds)             That can mean that you are not using pdfTeX 1.50 or
(etexcmds)             that some package has redefined \expanded.
(etexcmds)             In the latter case, load this package earlier.
)))
Package grfext Info: Graphics extension search list:
(grfext)             [.png,.pdf,.jpg,.mps,.jpeg,.jbig2,.jb2,.PNG,.PDF,.JPG,.JPE
G,.JBIG2,.JB2,.eps]
(grfext)             \AppendGraphicsExtensions on input line 452.

(/usr/share/texlive/texmf-dist/tex/latex/latexconfig/epstopdf-sys.cfg
File: epstopdf-sys.cfg 2010/07/13 v1.3 Configuration of (r)epstopdf for TeX Liv
e
))
[1

{/var/lib/texmf/fonts/map/pdftex/updmap/pdftex.map}]
LaTeX Font Info:    Try loading font information for OML+lmm on input line 24.

(/usr/share/texmf/tex/latex/lm/omllmm.fd
File: omllmm.fd 2009/10/30 v1.6 Font defs for Latin Modern
)
LaTeX Font Info:    Try loading font information for OMS+lmsy on input line 24.


(/usr/share/texmf/tex/latex/lm/omslmsy.fd
File: omslmsy.fd 2009/10/30 v1.6 Font defs for Latin Modern
)
LaTeX Font Info:    Try loading font information for OMX+lmex on input line 24.


(/usr/share/texmf/tex/latex/lm/omxlmex.fd
File: omxlmex.fd 2009/10/30 v1.6 Font defs for Latin Modern
)
LaTeX Font Info:    External font `lmex10' loaded for size
(Font)              <10.95> on input line 24.
LaTeX Font Info:    External font `lmex10' loaded for size
(Font)              <8> on input line 24.
LaTeX Font Info:    External font `lmex10' loaded for size
(Font)              <6> on input line 24.

<Euler_exp_1.png, id=10, 578.16pt x 433.62pt>
File: Euler_exp_1.png Graphic file (type png)
 <use Euler_exp_1.png>
Package pdftex.def Info: Euler_exp_1.png used on input line 32.
(pdftex.def)             Requested size: 289.07928pt x 216.80946pt.
 [2 <./Euler_exp_1.png>] <Euler_exp_en_1.png, id=19, 578.16pt x 433.62pt>
File: Euler_exp_en_1.png Graphic file (type png)

<use Euler_exp_en_1.png>
Package pdftex.def Info: Euler_exp_en_1.png used on input line 40.
(pdftex.def)             Requested size: 289.07928pt x 216.80946pt.
 <Eu_err_pos_1.png, id=20, 578.16pt x 433.62pt>
File: Eu_err_pos_1.png Graphic file (type png)

<use Eu_err_pos_1.png>
Package pdftex.def Info: Eu_err_pos_1.png used on input line 52.
(pdftex.def)             Requested size: 289.07928pt x 216.80946pt.
 [3 <./Euler_exp_en_1.png>]
<Euler_sem_1.png, id=26, 578.16pt x 433.62pt>
File: Euler_sem_1.png Graphic file (type png)
 <use Euler_sem_1.png>
Package pdftex.def Info: Euler_sem_1.png used on input line 66.
(pdftex.def)             Requested size: 289.07928pt x 216.80946pt.
 [4 <./Eu_err_pos_1.png>] [5 <./Euler_sem_1.png>]
<Euler_sem_en_1.png, id=35, 578.16pt x 433.62pt>
File: Euler_sem_en_1.png Graphic file (type png)
 <use Euler_sem_en_1.png>
Package pdftex.def Info: Euler_sem_en_1.png used on input line 74.
(pdftex.def)             Requested size: 289.07928pt x 216.80946pt.

<Sem_err_pos_1.png, id=36, 578.16pt x 433.62pt>
File: Sem_err_pos_1.png Graphic file (type png)
 <use Sem_err_pos_1.png>
Package pdftex.def Info: Sem_err_pos_1.png used on input line 86.
(pdftex.def)             Requested size: 289.07928pt x 216.80946pt.

[6 <./Euler_sem_en_1.png>] <RK2_pos_1.png, id=41, 578.16pt x 433.62pt>
File: RK2_pos_1.png Graphic file (type png)

<use RK2_pos_1.png>
Package pdftex.def Info: RK2_pos_1.png used on input line 100.
(pdftex.def)             Requested size: 289.07928pt x 216.80946pt.
 [7 <./Sem_err_pos_1.png>] [8 <./RK2_pos_1.png>]
<RK2_en_1.png, id=51, 578.16pt x 433.62pt>
File: RK2_en_1.png Graphic file (type png)
 <use RK2_en_1.png>
Package pdftex.def Info: RK2_en_1.png used on input line 108.
(pdftex.def)             Requested size: 289.07928pt x 216.80946pt.

<RK2_err_pos_1.png, id=52, 578.16pt x 433.62pt>
File: RK2_err_pos_1.png Graphic file (type png)
 <use RK2_err_pos_1.png>
Package pdftex.def Info: RK2_err_pos_1.png used on input line 120.
(pdftex.def)             Requested size: 289.07928pt x 216.80946pt.

[9 <./RK2_en_1.png>] <Boris_pos_1.png, id=57, 578.16pt x 433.62pt>
File: Boris_pos_1.png Graphic file (type png)

<use Boris_pos_1.png>
Package pdftex.def Info: Boris_pos_1.png used on input line 134.
(pdftex.def)             Requested size: 289.07928pt x 216.80946pt.
 [10 <./RK2_err_pos_1.png>] [11 <./Boris_pos_1.png>]
<Boris_energy_1.png, id=66, 578.16pt x 433.62pt>
File: Boris_energy_1.png Graphic file (type png)
 <use Boris_energy_1.png>
Package pdftex.def Info: Boris_energy_1.png used on input line 142.
(pdftex.def)             Requested size: 289.07928pt x 216.80946pt.

<Bor_err_pos_1.png, id=67, 578.16pt x 433.62pt>
File: Bor_err_pos_1.png Graphic file (type png)
 <use Bor_err_pos_1.png>
Package pdftex.def Info: Bor_err_pos_1.png used on input line 154.
(pdftex.def)             Requested size: 289.07928pt x 216.80946pt.

[12 <./Boris_energy_1.png>] <Pos_err.png, id=72, 578.16pt x 433.62pt>
File: Pos_err.png Graphic file (type png)

<use Pos_err.png>
Package pdftex.def Info: Pos_err.png used on input line 168.
(pdftex.def)             Requested size: 289.07928pt x 216.80946pt.
 <Energy_err.png, id=73, 578.16pt x 433.62pt>
File: Energy_err.png Graphic file (type png)

<use Energy_err.png>
Package pdftex.def Info: Energy_err.png used on input line 175.
(pdftex.def)             Requested size: 289.07928pt x 216.80946pt.
 <Euler_exp_2.png, id=74, 578.16pt x 433.62pt>
File: Euler_exp_2.png Graphic file (type png)

<use Euler_exp_2.png>
Package pdftex.def Info: Euler_exp_2.png used on input line 183.
(pdftex.def)             Requested size: 289.07928pt x 216.80946pt.
 <Euler_sem_2.png, id=75, 578.16pt x 433.62pt>
File: Euler_sem_2.png Graphic file (type png)

<use Euler_sem_2.png>
Package pdftex.def Info: Euler_sem_2.png used on input line 188.
(pdftex.def)             Requested size: 289.07928pt x 216.80946pt.
 [13 <./Bor_err_pos_1.png>] [14 <./Pos_err.png> <./Energy_err.png>] <RK2_pos_2.
png, id=86, 578.16pt x 433.62pt>
File: RK2_pos_2.png Graphic file (type png)
 <use RK2_pos_2.png>
Package pdftex.def Info: RK2_pos_2.png used on input line 193.
(pdftex.def)             Requested size: 289.07928pt x 216.80946pt.

<Boris_pos_2.png, id=87, 578.16pt x 433.62pt>
File: Boris_pos_2.png Graphic file (type png)
 <use Boris_pos_2.png>
Package pdftex.def Info: Boris_pos_2.png used on input line 198.
(pdftex.def)             Requested size: 289.07928pt x 216.80946pt.
 [15 <./Euler_exp_2.png> <./Euler_sem_2.png>] [16 <./RK2_pos_2.png> <./Boris_po
s_2.png>]
<GradB_boris.png, id=98, 578.16pt x 433.62pt>
File: GradB_boris.png Graphic file (type png)
 <use GradB_boris.png>
Package pdftex.def Info: GradB_boris.png used on input line 214.
(pdftex.def)             Requested size: 289.07928pt x 216.80946pt.
 [17 <./GradB_boris.png>] (./Assign3.aux) ) 
Here is how much of TeX's memory you used:
 2417 strings out of 495028
 33962 string characters out of 6181498
 88818 words of memory out of 5000000
 5579 multiletter control sequences out of 15000+600000
 38567 words of font info for 33 fonts, out of 8000000 for 9000
 14 hyphenation exceptions out of 8191
 37i,7n,27p,792b,230s stack positions out of 5000i,500n,10000p,200000b,80000s
{/usr/share/texmf/fonts/enc/dvips/lm
/lm-rm.enc}{/usr/share/texmf/fonts/enc/dvips/lm/lm-mathit.enc}{/usr/share/texmf
/fonts/enc/dvips/lm/lm-mathsy.enc}</usr/share/texmf/fonts/type1/public/lm/lmbx1
0.pfb></usr/share/texmf/fonts/type1/public/lm/lmbx12.pfb></usr/share/texmf/font
s/type1/public/lm/lmmi10.pfb></usr/share/texmf/fonts/type1/public/lm/lmr10.pfb>
</usr/share/texmf/fonts/type1/public/lm/lmr12.pfb></usr/share/texmf/fonts/type1
/public/lm/lmr17.pfb></usr/share/texmf/fonts/type1/public/lm/lmr8.pfb></usr/sha
re/texmf/fonts/type1/public/lm/lmsy10.pfb>
Output written on Assign3.pdf (17 pages, 1143316 bytes).
PDF statistics:
 133 PDF objects out of 1000 (max. 8388607)
 67 compressed objects within 1 object stream
 0 named destinations out of 1000 (max. 500000)
 96 words of extra memory for PDF output out of 10000 (max. 10000000)

